This file contains any messages produced by compilers while
running configure, to aid debugging if configure makes a mistake.

It was created by symbolicc++ configure 3:35, which was
generated by GNU Autoconf 2.65.  Invocation command line was

  $ ./configure 

## --------- ##
## Platform. ##
## --------- ##

hostname = archDiamantLaptop
uname -m = x86_64
uname -r = 5.12.6-arch1-1
uname -s = Linux
uname -v = #1 SMP PREEMPT Sun, 23 May 2021 00:45:50 +0000

/usr/bin/uname -p = unknown
/bin/uname -X     = unknown

/bin/arch              = unknown
/usr/bin/arch -k       = unknown
/usr/convex/getsysinfo = unknown
/usr/bin/hostinfo      = unknown
/bin/machine           = unknown
/usr/bin/oslevel       = unknown
/bin/universe          = unknown

PATH: /usr/local/bin
PATH: /usr/bin
PATH: /bin
PATH: /usr/local/sbin
PATH: /usr/lib/jvm/default/bin
PATH: /opt/microchip/xc16/v1.70/bin
PATH: /opt/microchip/xc32/v2.50/bin
PATH: /opt/microchip/xc8/v2.31/bin
PATH: /usr/bin/site_perl
PATH: /usr/bin/vendor_perl
PATH: /usr/bin/core_perl
PATH: /home/diamant/.cargo/bin
PATH: /opt/microchip/xc8/v2.31/bin
PATH: /opt/microchip/xc16/v1.70/bin
PATH: /opt/microchip/xc32/v2.50/bin
PATH: /home/diamant/.local/bin
PATH: /home/diamant/.local/share/gem/ruby/3.0.0/bin


## ----------- ##
## Core tests. ##
## ----------- ##

configure:2383: checking for a BSD-compatible install
configure:2451: result: /usr/bin/install -c
configure:2462: checking whether build environment is sane
configure:2512: result: yes
configure:2653: checking for a thread-safe mkdir -p
configure:2692: result: /usr/bin/mkdir -p
configure:2705: checking for gawk
configure:2721: found /usr/bin/gawk
configure:2732: result: gawk
configure:2743: checking whether make sets $(MAKE)
configure:2765: result: yes
configure:2906: checking for g++
configure:2922: found /usr/bin/g++
configure:2933: result: g++
configure:2960: checking for C++ compiler version
configure:2969: g++ --version >&5
g++ (GCC) 11.1.0
Copyright (C) 2021 Free Software Foundation, Inc.
This is free software; see the source for copying conditions.  There is NO
warranty; not even for MERCHANTABILITY or FITNESS FOR A PARTICULAR PURPOSE.

configure:2980: $? = 0
configure:2969: g++ -v >&5
Using built-in specs.
COLLECT_GCC=g++
COLLECT_LTO_WRAPPER=/usr/lib/gcc/x86_64-pc-linux-gnu/11.1.0/lto-wrapper
Target: x86_64-pc-linux-gnu
Configured with: /build/gcc/src/gcc/configure --prefix=/usr --libdir=/usr/lib --libexecdir=/usr/lib --mandir=/usr/share/man --infodir=/usr/share/info --with-bugurl=https://bugs.archlinux.org/ --enable-languages=c,c++,ada,fortran,go,lto,objc,obj-c++,d --with-isl --with-linker-hash-style=gnu --with-system-zlib --enable-__cxa_atexit --enable-cet=auto --enable-checking=release --enable-clocale=gnu --enable-default-pie --enable-default-ssp --enable-gnu-indirect-function --enable-gnu-unique-object --enable-install-libiberty --enable-linker-build-id --enable-lto --enable-multilib --enable-plugin --enable-shared --enable-threads=posix --disable-libssp --disable-libstdcxx-pch --disable-libunwind-exceptions --disable-werror gdc_include_dir=/usr/include/dlang/gdc
Thread model: posix
Supported LTO compression algorithms: zlib zstd
gcc version 11.1.0 (GCC) 
configure:2980: $? = 0
configure:2969: g++ -V >&5
g++: error: unrecognized command-line option '-V'
g++: fatal error: no input files
compilation terminated.
configure:2980: $? = 1
configure:2969: g++ -qversion >&5
g++: error: unrecognized command-line option '-qversion'; did you mean '--version'?
g++: fatal error: no input files
compilation terminated.
configure:2980: $? = 1
configure:3000: checking whether the C++ compiler works
configure:3022: g++    conftest.cpp  >&5
configure:3026: $? = 0
configure:3075: result: yes
configure:3078: checking for C++ compiler default output file name
configure:3080: result: a.out
configure:3086: checking for suffix of executables
configure:3093: g++ -o conftest    conftest.cpp  >&5
configure:3097: $? = 0
configure:3119: result: 
configure:3141: checking whether we are cross compiling
configure:3149: g++ -o conftest    conftest.cpp  >&5
configure:3153: $? = 0
configure:3160: ./conftest
configure:3164: $? = 0
configure:3179: result: no
configure:3184: checking for suffix of object files
configure:3206: g++ -c   conftest.cpp >&5
configure:3210: $? = 0
configure:3231: result: o
configure:3235: checking whether we are using the GNU C++ compiler
configure:3254: g++ -c   conftest.cpp >&5
configure:3254: $? = 0
configure:3263: result: yes
configure:3272: checking whether g++ accepts -g
configure:3292: g++ -c -g  conftest.cpp >&5
configure:3292: $? = 0
configure:3333: result: yes
configure:3367: checking for style of include used by make
configure:3395: result: GNU
configure:3420: checking dependency style of g++
configure:3530: result: gcc3
configure:3575: checking build system type
configure:3589: result: x86_64-unknown-linux-gnu
configure:3609: checking host system type
configure:3622: result: x86_64-unknown-linux-gnu
configure:3690: checking for gcc
configure:3706: found /usr/bin/gcc
configure:3717: result: gcc
configure:3946: checking for C compiler version
configure:3955: gcc --version >&5
gcc (GCC) 11.1.0
Copyright (C) 2021 Free Software Foundation, Inc.
This is free software; see the source for copying conditions.  There is NO
warranty; not even for MERCHANTABILITY or FITNESS FOR A PARTICULAR PURPOSE.

configure:3966: $? = 0
configure:3955: gcc -v >&5
Using built-in specs.
COLLECT_GCC=gcc
COLLECT_LTO_WRAPPER=/usr/lib/gcc/x86_64-pc-linux-gnu/11.1.0/lto-wrapper
Target: x86_64-pc-linux-gnu
Configured with: /build/gcc/src/gcc/configure --prefix=/usr --libdir=/usr/lib --libexecdir=/usr/lib --mandir=/usr/share/man --infodir=/usr/share/info --with-bugurl=https://bugs.archlinux.org/ --enable-languages=c,c++,ada,fortran,go,lto,objc,obj-c++,d --with-isl --with-linker-hash-style=gnu --with-system-zlib --enable-__cxa_atexit --enable-cet=auto --enable-checking=release --enable-clocale=gnu --enable-default-pie --enable-default-ssp --enable-gnu-indirect-function --enable-gnu-unique-object --enable-install-libiberty --enable-linker-build-id --enable-lto --enable-multilib --enable-plugin --enable-shared --enable-threads=posix --disable-libssp --disable-libstdcxx-pch --disable-libunwind-exceptions --disable-werror gdc_include_dir=/usr/include/dlang/gdc
Thread model: posix
Supported LTO compression algorithms: zlib zstd
gcc version 11.1.0 (GCC) 
configure:3966: $? = 0
configure:3955: gcc -V >&5
gcc: error: unrecognized command-line option '-V'
gcc: fatal error: no input files
compilation terminated.
configure:3966: $? = 1
configure:3955: gcc -qversion >&5
gcc: error: unrecognized command-line option '-qversion'; did you mean '--version'?
gcc: fatal error: no input files
compilation terminated.
configure:3966: $? = 1
configure:3970: checking whether we are using the GNU C compiler
configure:3989: gcc -c   conftest.c >&5
configure:3989: $? = 0
configure:3998: result: yes
configure:4007: checking whether gcc accepts -g
configure:4027: gcc -c -g  conftest.c >&5
configure:4027: $? = 0
configure:4068: result: yes
configure:4085: checking for gcc option to accept ISO C89
configure:4149: gcc  -c -g -O2  conftest.c >&5
configure:4149: $? = 0
configure:4162: result: none needed
configure:4184: checking dependency style of gcc
configure:4294: result: gcc3
configure:4309: checking for a sed that does not truncate output
configure:4373: result: /usr/bin/sed
configure:4391: checking for grep that handles long lines and -e
configure:4449: result: /usr/bin/grep
configure:4454: checking for egrep
configure:4516: result: /usr/bin/grep -E
configure:4521: checking for fgrep
configure:4583: result: /usr/bin/grep -F
configure:4618: checking for ld used by gcc
configure:4685: result: /usr/bin/ld
configure:4692: checking if the linker (/usr/bin/ld) is GNU ld
configure:4707: result: yes
configure:4719: checking for BSD- or MS-compatible name lister (nm)
configure:4768: result: /usr/bin/nm -B
configure:4886: checking the name lister (/usr/bin/nm -B) interface
configure:4893: gcc -c -g -O2  conftest.c >&5
configure:4896: /usr/bin/nm -B "conftest.o"
configure:4899: output
0000000000000000 B some_variable
configure:4906: result: BSD nm
configure:4909: checking whether ln -s works
configure:4913: result: yes
configure:4921: checking the maximum length of command line arguments
configure:5041: result: 1572864
configure:5058: checking whether the shell understands some XSI constructs
configure:5068: result: yes
configure:5072: checking whether the shell understands "+="
configure:5078: result: yes
configure:5113: checking for /usr/bin/ld option to reload object files
configure:5120: result: -r
configure:5189: checking for objdump
configure:5205: found /usr/bin/objdump
configure:5216: result: objdump
configure:5248: checking how to recognize dependent libraries
configure:5444: result: pass_all
configure:5504: checking for ar
configure:5520: found /usr/bin/ar
configure:5531: result: ar
configure:5609: checking for strip
configure:5625: found /usr/bin/strip
configure:5636: result: strip
configure:5708: checking for ranlib
configure:5724: found /usr/bin/ranlib
configure:5735: result: ranlib
configure:5825: checking command to parse /usr/bin/nm -B output from gcc object
configure:5943: gcc -c -g -O2  conftest.c >&5
configure:5946: $? = 0
configure:5950: /usr/bin/nm -B conftest.o \| sed -n -e 's/^.*[	 ]\([ABCDGIRSTW][ABCDGIRSTW]*\)[	 ][	 ]*\([_A-Za-z][_A-Za-z0-9]*\)$/\1 \2 \2/p' \> conftest.nm
configure:5953: $? = 0
configure:6007: gcc -o conftest -g -O2   conftest.c conftstm.o >&5
configure:6010: $? = 0
configure:6048: result: ok
configure:6144: gcc -c -g -O2  conftest.c >&5
configure:6147: $? = 0
configure:6857: checking how to run the C preprocessor
configure:6888: gcc -E  conftest.c
configure:6888: $? = 0
configure:6902: gcc -E  conftest.c
conftest.c:11:10: fatal error: ac_nonexistent.h: No such file or directory
   11 | #include <ac_nonexistent.h>
      |          ^~~~~~~~~~~~~~~~~~
compilation terminated.
configure:6902: $? = 1
configure: failed program was:
| /* confdefs.h */
| #define PACKAGE_NAME "symbolicc++"
| #define PACKAGE_TARNAME "symbolicc--"
| #define PACKAGE_VERSION "3:35"
| #define PACKAGE_STRING "symbolicc++ 3:35"
| #define PACKAGE_BUGREPORT "yhardy@uj.ac.za"
| #define PACKAGE_URL ""
| #define PACKAGE "symbolicc--"
| #define VERSION "3:35"
| /* end confdefs.h.  */
| #include <ac_nonexistent.h>
configure:6927: result: gcc -E
configure:6947: gcc -E  conftest.c
configure:6947: $? = 0
configure:6961: gcc -E  conftest.c
conftest.c:11:10: fatal error: ac_nonexistent.h: No such file or directory
   11 | #include <ac_nonexistent.h>
      |          ^~~~~~~~~~~~~~~~~~
compilation terminated.
configure:6961: $? = 1
configure: failed program was:
| /* confdefs.h */
| #define PACKAGE_NAME "symbolicc++"
| #define PACKAGE_TARNAME "symbolicc--"
| #define PACKAGE_VERSION "3:35"
| #define PACKAGE_STRING "symbolicc++ 3:35"
| #define PACKAGE_BUGREPORT "yhardy@uj.ac.za"
| #define PACKAGE_URL ""
| #define PACKAGE "symbolicc--"
| #define VERSION "3:35"
| /* end confdefs.h.  */
| #include <ac_nonexistent.h>
configure:6990: checking for ANSI C header files
configure:7010: gcc -c -g -O2  conftest.c >&5
configure:7010: $? = 0
configure:7083: gcc -o conftest -g -O2   conftest.c  >&5
configure:7083: $? = 0
configure:7083: ./conftest
configure:7083: $? = 0
configure:7094: result: yes
configure:7107: checking for sys/types.h
configure:7107: gcc -c -g -O2  conftest.c >&5
configure:7107: $? = 0
configure:7107: result: yes
configure:7107: checking for sys/stat.h
configure:7107: gcc -c -g -O2  conftest.c >&5
configure:7107: $? = 0
configure:7107: result: yes
configure:7107: checking for stdlib.h
configure:7107: gcc -c -g -O2  conftest.c >&5
configure:7107: $? = 0
configure:7107: result: yes
configure:7107: checking for string.h
configure:7107: gcc -c -g -O2  conftest.c >&5
configure:7107: $? = 0
configure:7107: result: yes
configure:7107: checking for memory.h
configure:7107: gcc -c -g -O2  conftest.c >&5
configure:7107: $? = 0
configure:7107: result: yes
configure:7107: checking for strings.h
configure:7107: gcc -c -g -O2  conftest.c >&5
configure:7107: $? = 0
configure:7107: result: yes
configure:7107: checking for inttypes.h
configure:7107: gcc -c -g -O2  conftest.c >&5
configure:7107: $? = 0
configure:7107: result: yes
configure:7107: checking for stdint.h
configure:7107: gcc -c -g -O2  conftest.c >&5
configure:7107: $? = 0
configure:7107: result: yes
configure:7107: checking for unistd.h
configure:7107: gcc -c -g -O2  conftest.c >&5
configure:7107: $? = 0
configure:7107: result: yes
configure:7122: checking for dlfcn.h
configure:7122: gcc -c -g -O2  conftest.c >&5
configure:7122: $? = 0
configure:7122: result: yes
configure:7247: checking for C++ compiler version
configure:7256: g++ --version >&5
g++ (GCC) 11.1.0
Copyright (C) 2021 Free Software Foundation, Inc.
This is free software; see the source for copying conditions.  There is NO
warranty; not even for MERCHANTABILITY or FITNESS FOR A PARTICULAR PURPOSE.

configure:7267: $? = 0
configure:7256: g++ -v >&5
Using built-in specs.
COLLECT_GCC=g++
COLLECT_LTO_WRAPPER=/usr/lib/gcc/x86_64-pc-linux-gnu/11.1.0/lto-wrapper
Target: x86_64-pc-linux-gnu
Configured with: /build/gcc/src/gcc/configure --prefix=/usr --libdir=/usr/lib --libexecdir=/usr/lib --mandir=/usr/share/man --infodir=/usr/share/info --with-bugurl=https://bugs.archlinux.org/ --enable-languages=c,c++,ada,fortran,go,lto,objc,obj-c++,d --with-isl --with-linker-hash-style=gnu --with-system-zlib --enable-__cxa_atexit --enable-cet=auto --enable-checking=release --enable-clocale=gnu --enable-default-pie --enable-default-ssp --enable-gnu-indirect-function --enable-gnu-unique-object --enable-install-libiberty --enable-linker-build-id --enable-lto --enable-multilib --enable-plugin --enable-shared --enable-threads=posix --disable-libssp --disable-libstdcxx-pch --disable-libunwind-exceptions --disable-werror gdc_include_dir=/usr/include/dlang/gdc
Thread model: posix
Supported LTO compression algorithms: zlib zstd
gcc version 11.1.0 (GCC) 
configure:7267: $? = 0
configure:7256: g++ -V >&5
g++: error: unrecognized command-line option '-V'
g++: fatal error: no input files
compilation terminated.
configure:7267: $? = 1
configure:7256: g++ -qversion >&5
g++: error: unrecognized command-line option '-qversion'; did you mean '--version'?
g++: fatal error: no input files
compilation terminated.
configure:7267: $? = 1
configure:7271: checking whether we are using the GNU C++ compiler
configure:7299: result: yes
configure:7308: checking whether g++ accepts -g
configure:7369: result: yes
configure:7394: checking dependency style of g++
configure:7504: result: gcc3
configure:7527: checking how to run the C++ preprocessor
configure:7554: g++ -E  conftest.cpp
configure:7554: $? = 0
configure:7568: g++ -E  conftest.cpp
conftest.cpp:22:10: fatal error: ac_nonexistent.h: No such file or directory
   22 | #include <ac_nonexistent.h>
      |          ^~~~~~~~~~~~~~~~~~
compilation terminated.
configure:7568: $? = 1
configure: failed program was:
| /* confdefs.h */
| #define PACKAGE_NAME "symbolicc++"
| #define PACKAGE_TARNAME "symbolicc--"
| #define PACKAGE_VERSION "3:35"
| #define PACKAGE_STRING "symbolicc++ 3:35"
| #define PACKAGE_BUGREPORT "yhardy@uj.ac.za"
| #define PACKAGE_URL ""
| #define PACKAGE "symbolicc--"
| #define VERSION "3:35"
| #define STDC_HEADERS 1
| #define HAVE_SYS_TYPES_H 1
| #define HAVE_SYS_STAT_H 1
| #define HAVE_STDLIB_H 1
| #define HAVE_STRING_H 1
| #define HAVE_MEMORY_H 1
| #define HAVE_STRINGS_H 1
| #define HAVE_INTTYPES_H 1
| #define HAVE_STDINT_H 1
| #define HAVE_UNISTD_H 1
| #define HAVE_DLFCN_H 1
| /* end confdefs.h.  */
| #include <ac_nonexistent.h>
configure:7593: result: g++ -E
configure:7613: g++ -E  conftest.cpp
configure:7613: $? = 0
configure:7627: g++ -E  conftest.cpp
conftest.cpp:22:10: fatal error: ac_nonexistent.h: No such file or directory
   22 | #include <ac_nonexistent.h>
      |          ^~~~~~~~~~~~~~~~~~
compilation terminated.
configure:7627: $? = 1
configure: failed program was:
| /* confdefs.h */
| #define PACKAGE_NAME "symbolicc++"
| #define PACKAGE_TARNAME "symbolicc--"
| #define PACKAGE_VERSION "3:35"
| #define PACKAGE_STRING "symbolicc++ 3:35"
| #define PACKAGE_BUGREPORT "yhardy@uj.ac.za"
| #define PACKAGE_URL ""
| #define PACKAGE "symbolicc--"
| #define VERSION "3:35"
| #define STDC_HEADERS 1
| #define HAVE_SYS_TYPES_H 1
| #define HAVE_SYS_STAT_H 1
| #define HAVE_STDLIB_H 1
| #define HAVE_STRING_H 1
| #define HAVE_MEMORY_H 1
| #define HAVE_STRINGS_H 1
| #define HAVE_INTTYPES_H 1
| #define HAVE_STDINT_H 1
| #define HAVE_UNISTD_H 1
| #define HAVE_DLFCN_H 1
| /* end confdefs.h.  */
| #include <ac_nonexistent.h>
configure:7833: checking for objdir
configure:7848: result: .libs
configure:8140: checking if gcc supports -fno-rtti -fno-exceptions
configure:8158: gcc -c -g -O2  -fno-rtti -fno-exceptions conftest.c >&5
cc1: warning: command-line option '-fno-rtti' is valid for C++/D/ObjC++ but not for C
configure:8162: $? = 0
configure:8175: result: no
configure:8195: checking for gcc option to produce PIC
configure:8467: result: -fPIC -DPIC
configure:8479: checking if gcc PIC flag -fPIC -DPIC works
configure:8497: gcc -c -g -O2  -fPIC -DPIC -DPIC conftest.c >&5
configure:8501: $? = 0
configure:8514: result: yes
configure:8538: checking if gcc static flag -static works
configure:8566: result: yes
configure:8581: checking if gcc supports -c -o file.o
configure:8602: gcc -c -g -O2  -o out/conftest2.o conftest.c >&5
configure:8606: $? = 0
configure:8628: result: yes
configure:8636: checking if gcc supports -c -o file.o
configure:8683: result: yes
configure:8716: checking whether the gcc linker (/usr/bin/ld -m elf_x86_64) supports shared libraries
configure:9702: result: yes
configure:9739: checking whether -lc should be explicitly linked in
configure:9744: gcc -c -g -O2  conftest.c >&5
configure:9747: $? = 0
configure:9762: gcc -shared conftest.o  -v -Wl,-soname -Wl,conftest -o conftest 2\>\&1 \| /usr/bin/grep  -lc  \>/dev/null 2\>\&1
configure:9765: $? = 0
configure:9777: result: no
configure:9941: checking dynamic linker characteristics
configure:10374: gcc -o conftest -g -O2   -Wl,-rpath -Wl,/foo conftest.c  >&5
configure:10374: $? = 0
configure:10592: result: GNU/Linux ld.so
configure:10694: checking how to hardcode library paths into programs
configure:10719: result: immediate
configure:11239: checking whether stripping libraries is possible
configure:11244: result: yes
configure:11279: checking if libtool supports shared libraries
configure:11281: result: yes
configure:11284: checking whether to build shared libraries
configure:11305: result: yes
configure:11308: checking whether to build static libraries
configure:11312: result: yes
configure:11462: checking for ld used by g++
configure:11529: result: /usr/bin/ld -m elf_x86_64
configure:11536: checking if the linker (/usr/bin/ld -m elf_x86_64) is GNU ld
configure:11551: result: yes
configure:11606: checking whether the g++ linker (/usr/bin/ld -m elf_x86_64) supports shared libraries
configure:12519: result: yes
configure:12547: g++ -c -g -O2  conftest.cpp >&5
configure:12550: $? = 0
configure:12732: checking for g++ option to produce PIC
configure:13049: result: -fPIC -DPIC
configure:13058: checking if g++ PIC flag -fPIC -DPIC works
configure:13076: g++ -c -g -O2  -fPIC -DPIC -DPIC conftest.cpp >&5
configure:13080: $? = 0
configure:13093: result: yes
configure:13114: checking if g++ static flag -static works
configure:13142: result: yes
configure:13154: checking if g++ supports -c -o file.o
configure:13175: g++ -c -g -O2  -o out/conftest2.o conftest.cpp >&5
configure:13179: $? = 0
configure:13201: result: yes
configure:13206: checking if g++ supports -c -o file.o
configure:13253: result: yes
configure:13283: checking whether the g++ linker (/usr/bin/ld -m elf_x86_64) supports shared libraries
configure:13309: result: yes
configure:13446: checking dynamic linker characteristics
configure:13827: g++ -o conftest -g -O2   -Wl,-rpath -Wl,/foo conftest.cpp  >&5
configure:13827: $? = 0
configure:14045: result: GNU/Linux ld.so
configure:14096: checking how to hardcode library paths into programs
configure:14121: result: immediate
configure:14193: g++ -c -g -O2 -fno-elide-constructors  conftest.cpp >&5
configure:14193: $? = 0
configure:14356: creating ./config.status

## ---------------------- ##
## Running config.status. ##
## ---------------------- ##

This file was extended by symbolicc++ config.status 3:35, which was
generated by GNU Autoconf 2.65.  Invocation command line was

  CONFIG_FILES    = 
  CONFIG_HEADERS  = 
  CONFIG_LINKS    = 
  CONFIG_COMMANDS = 
  $ ./config.status 

on archDiamantLaptop

config.status:1047: creating Makefile
config.status:1210: executing depfiles commands
config.status:1210: executing libtool commands

## ---------------- ##
## Cache variables. ##
## ---------------- ##

ac_cv_build=x86_64-unknown-linux-gnu
ac_cv_c_compiler_gnu=yes
ac_cv_cxx_compiler_gnu=yes
ac_cv_env_CCC_set=
ac_cv_env_CCC_value=
ac_cv_env_CC_set=
ac_cv_env_CC_value=
ac_cv_env_CFLAGS_set=
ac_cv_env_CFLAGS_value=
ac_cv_env_CPPFLAGS_set=
ac_cv_env_CPPFLAGS_value=
ac_cv_env_CPP_set=
ac_cv_env_CPP_value=
ac_cv_env_CXXCPP_set=
ac_cv_env_CXXCPP_value=
ac_cv_env_CXXFLAGS_set=
ac_cv_env_CXXFLAGS_value=
ac_cv_env_CXX_set=
ac_cv_env_CXX_value=
ac_cv_env_LDFLAGS_set=
ac_cv_env_LDFLAGS_value=
ac_cv_env_LIBS_set=
ac_cv_env_LIBS_value=
ac_cv_env_build_alias_set=
ac_cv_env_build_alias_value=
ac_cv_env_host_alias_set=
ac_cv_env_host_alias_value=
ac_cv_env_target_alias_set=
ac_cv_env_target_alias_value=
ac_cv_header_dlfcn_h=yes
ac_cv_header_inttypes_h=yes
ac_cv_header_memory_h=yes
ac_cv_header_stdc=yes
ac_cv_header_stdint_h=yes
ac_cv_header_stdlib_h=yes
ac_cv_header_string_h=yes
ac_cv_header_strings_h=yes
ac_cv_header_sys_stat_h=yes
ac_cv_header_sys_types_h=yes
ac_cv_header_unistd_h=yes
ac_cv_host=x86_64-unknown-linux-gnu
ac_cv_objext=o
ac_cv_path_EGREP='/usr/bin/grep -E'
ac_cv_path_FGREP='/usr/bin/grep -F'
ac_cv_path_GREP=/usr/bin/grep
ac_cv_path_SED=/usr/bin/sed
ac_cv_path_install='/usr/bin/install -c'
ac_cv_path_mkdir=/usr/bin/mkdir
ac_cv_prog_AWK=gawk
ac_cv_prog_CPP='gcc -E'
ac_cv_prog_CXXCPP='g++ -E'
ac_cv_prog_ac_ct_AR=ar
ac_cv_prog_ac_ct_CC=gcc
ac_cv_prog_ac_ct_CXX=g++
ac_cv_prog_ac_ct_OBJDUMP=objdump
ac_cv_prog_ac_ct_RANLIB=ranlib
ac_cv_prog_ac_ct_STRIP=strip
ac_cv_prog_cc_c89=
ac_cv_prog_cc_g=yes
ac_cv_prog_cxx_g=yes
ac_cv_prog_make_make_set=yes
am_cv_CC_dependencies_compiler_type=gcc3
am_cv_CXX_dependencies_compiler_type=gcc3
lt_cv_deplibs_check_method=pass_all
lt_cv_file_magic_cmd='$MAGIC_CMD'
lt_cv_file_magic_test_file=
lt_cv_ld_reload_flag=-r
lt_cv_nm_interface='BSD nm'
lt_cv_objdir=.libs
lt_cv_path_LD=/usr/bin/ld
lt_cv_path_LDCXX='/usr/bin/ld -m elf_x86_64'
lt_cv_path_NM='/usr/bin/nm -B'
lt_cv_prog_compiler_c_o=yes
lt_cv_prog_compiler_c_o_CXX=yes
lt_cv_prog_compiler_pic_works=yes
lt_cv_prog_compiler_pic_works_CXX=yes
lt_cv_prog_compiler_rtti_exceptions=no
lt_cv_prog_compiler_static_works=yes
lt_cv_prog_compiler_static_works_CXX=yes
lt_cv_prog_gnu_ld=yes
lt_cv_prog_gnu_ldcxx=yes
lt_cv_sys_global_symbol_pipe='sed -n -e '\''s/^.*[	 ]\([ABCDGIRSTW][ABCDGIRSTW]*\)[	 ][	 ]*\([_A-Za-z][_A-Za-z0-9]*\)$/\1 \2 \2/p'\'''
lt_cv_sys_global_symbol_to_c_name_address='sed -n -e '\''s/^: \([^ ]*\) $/  {\"\1\", (void *) 0},/p'\'' -e '\''s/^[ABCDGIRSTW]* \([^ ]*\) \([^ ]*\)$/  {"\2", (void *) \&\2},/p'\'''
lt_cv_sys_global_symbol_to_c_name_address_lib_prefix='sed -n -e '\''s/^: \([^ ]*\) $/  {\"\1\", (void *) 0},/p'\'' -e '\''s/^[ABCDGIRSTW]* \([^ ]*\) \(lib[^ ]*\)$/  {"\2", (void *) \&\2},/p'\'' -e '\''s/^[ABCDGIRSTW]* \([^ ]*\) \([^ ]*\)$/  {"lib\2", (void *) \&\2},/p'\'''
lt_cv_sys_global_symbol_to_cdecl='sed -n -e '\''s/^T .* \(.*\)$/extern int \1();/p'\'' -e '\''s/^[ABCDGIRSTW]* .* \(.*\)$/extern char \1;/p'\'''
lt_cv_sys_max_cmd_len=1572864

## ----------------- ##
## Output variables. ##
## ----------------- ##

ACLOCAL='${SHELL} /home/diamant/Progetti/analysis/SymbolicC++/SymbolicC++3-3.35/missing --run aclocal-1.11'
AMDEPBACKSLASH='\'
AMDEP_FALSE='#'
AMDEP_TRUE=''
AMTAR='${SHELL} /home/diamant/Progetti/analysis/SymbolicC++/SymbolicC++3-3.35/missing --run tar'
AR='ar'
AUTOCONF='${SHELL} /home/diamant/Progetti/analysis/SymbolicC++/SymbolicC++3-3.35/missing --run autoconf'
AUTOHEADER='${SHELL} /home/diamant/Progetti/analysis/SymbolicC++/SymbolicC++3-3.35/missing --run autoheader'
AUTOMAKE='${SHELL} /home/diamant/Progetti/analysis/SymbolicC++/SymbolicC++3-3.35/missing --run automake-1.11'
AWK='gawk'
CC='gcc'
CCDEPMODE='depmode=gcc3'
CFLAGS='-g -O2'
CPP='gcc -E'
CPPFLAGS=''
CXX='g++'
CXXCPP='g++ -E'
CXXDEPMODE='depmode=gcc3'
CXXFLAGS='-g -O2 -fno-elide-constructors'
CYGPATH_W='echo'
DEFS='-DPACKAGE_NAME=\"symbolicc++\" -DPACKAGE_TARNAME=\"symbolicc--\" -DPACKAGE_VERSION=\"3:35\" -DPACKAGE_STRING=\"symbolicc++\ 3:35\" -DPACKAGE_BUGREPORT=\"yhardy@uj.ac.za\" -DPACKAGE_URL=\"\" -DPACKAGE=\"symbolicc--\" -DVERSION=\"3:35\" -DSTDC_HEADERS=1 -DHAVE_SYS_TYPES_H=1 -DHAVE_SYS_STAT_H=1 -DHAVE_STDLIB_H=1 -DHAVE_STRING_H=1 -DHAVE_MEMORY_H=1 -DHAVE_STRINGS_H=1 -DHAVE_INTTYPES_H=1 -DHAVE_STDINT_H=1 -DHAVE_UNISTD_H=1 -DHAVE_DLFCN_H=1 -DLT_OBJDIR=\".libs/\"'
DEPDIR='.deps'
DSYMUTIL=''
DUMPBIN=''
ECHO_C=''
ECHO_N='-n'
ECHO_T=''
EGREP='/usr/bin/grep -E'
EXEEXT=''
FGREP='/usr/bin/grep -F'
GREP='/usr/bin/grep'
INSTALL_DATA='${INSTALL} -m 644'
INSTALL_PROGRAM='${INSTALL}'
INSTALL_SCRIPT='${INSTALL}'
INSTALL_STRIP_PROGRAM='$(install_sh) -c -s'
LD='/usr/bin/ld -m elf_x86_64'
LDFLAGS=''
LIBOBJS=''
LIBS=''
LIBTOOL='$(SHELL) $(top_builddir)/libtool'
LIPO=''
LN_S='ln -s'
LTLIBOBJS=''
MAKEINFO='${SHELL} /home/diamant/Progetti/analysis/SymbolicC++/SymbolicC++3-3.35/missing --run makeinfo'
MKDIR_P='/usr/bin/mkdir -p'
NM='/usr/bin/nm -B'
NMEDIT=''
OBJDUMP='objdump'
OBJEXT='o'
OTOOL64=''
OTOOL=''
PACKAGE='symbolicc--'
PACKAGE_BUGREPORT='yhardy@uj.ac.za'
PACKAGE_NAME='symbolicc++'
PACKAGE_STRING='symbolicc++ 3:35'
PACKAGE_TARNAME='symbolicc--'
PACKAGE_URL=''
PACKAGE_VERSION='3:35'
PATH_SEPARATOR=':'
RANLIB='ranlib'
SED='/usr/bin/sed'
SET_MAKE=''
SHELL='/bin/sh'
STRIP='strip'
VERSION='3:35'
ac_ct_CC='gcc'
ac_ct_CXX='g++'
ac_ct_DUMPBIN=''
am__EXEEXT_FALSE=''
am__EXEEXT_TRUE='#'
am__fastdepCC_FALSE='#'
am__fastdepCC_TRUE=''
am__fastdepCXX_FALSE='#'
am__fastdepCXX_TRUE=''
am__include='include'
am__isrc=''
am__leading_dot='.'
am__quote=''
am__tar='${AMTAR} chof - "$$tardir"'
am__untar='${AMTAR} xf -'
bindir='${exec_prefix}/bin'
build='x86_64-unknown-linux-gnu'
build_alias=''
build_cpu='x86_64'
build_os='linux-gnu'
build_vendor='unknown'
datadir='${datarootdir}'
datarootdir='${prefix}/share'
docdir='${datarootdir}/doc/${PACKAGE_TARNAME}'
dvidir='${docdir}'
exec_prefix='${prefix}'
host='x86_64-unknown-linux-gnu'
host_alias=''
host_cpu='x86_64'
host_os='linux-gnu'
host_vendor='unknown'
htmldir='${docdir}'
includedir='${prefix}/include'
infodir='${datarootdir}/info'
install_sh='${SHELL} /home/diamant/Progetti/analysis/SymbolicC++/SymbolicC++3-3.35/install-sh'
libdir='${exec_prefix}/lib'
libexecdir='${exec_prefix}/libexec'
localedir='${datarootdir}/locale'
localstatedir='${prefix}/var'
lt_ECHO='echo'
mandir='${datarootdir}/man'
mkdir_p='/usr/bin/mkdir -p'
oldincludedir='/usr/include'
pdfdir='${docdir}'
prefix='/usr/local'
program_transform_name='s,x,x,'
psdir='${docdir}'
sbindir='${exec_prefix}/sbin'
sharedstatedir='${prefix}/com'
sysconfdir='${prefix}/etc'
target_alias=''

## ----------- ##
## confdefs.h. ##
## ----------- ##

/* confdefs.h */
#define PACKAGE_NAME "symbolicc++"
#define PACKAGE_TARNAME "symbolicc--"
#define PACKAGE_VERSION "3:35"
#define PACKAGE_STRING "symbolicc++ 3:35"
#define PACKAGE_BUGREPORT "yhardy@uj.ac.za"
#define PACKAGE_URL ""
#define PACKAGE "symbolicc--"
#define VERSION "3:35"
#define STDC_HEADERS 1
#define HAVE_SYS_TYPES_H 1
#define HAVE_SYS_STAT_H 1
#define HAVE_STDLIB_H 1
#define HAVE_STRING_H 1
#define HAVE_MEMORY_H 1
#define HAVE_STRINGS_H 1
#define HAVE_INTTYPES_H 1
#define HAVE_STDINT_H 1
#define HAVE_UNISTD_H 1
#define HAVE_DLFCN_H 1
#define LT_OBJDIR ".libs/"

configure: exit 0
